<?xml version="1.0" encoding="UTF-8"?>
<testsuite xmlns:xsi="http://www.w3.org/2001/XMLSchema-instance" xsi:noNamespaceSchemaLocation="https://maven.apache.org/surefire/maven-failsafe-plugin/xsd/failsafe-test-report-3.0.xsd" version="3.0" name="QuotableAPI - Automation" time="34.926" tests="12" errors="0" skipped="0" failures="0">
  <properties>
[...]
</properties>
  <testcase name="Test quotable api with various pathparam #1" classname="QuotableAPI - Automation" time="7.937">
    <system-out><![CDATA[13:31:22.996 [main] INFO  i.c.core.plugin.SerenityReporter - Running feature from file:///C:/Users/hp-pc/git/quotable-Api/src/test/resources/features/quotable_api.feature

13:31:23.418 [main] INFO   - 

-------------------------------------------------------------------------------------
     _______. _______ .______       _______ .__   __.  __  .___________.____    ____ 
    /       ||   ____||   _  \     |   ____||  \ |  | |  | |           |\   \  /   / 
   |   (----`|  |__   |  |_)  |    |  |__   |   \|  | |  | `---|  |----` \   \/   /  
    \   \    |   __|  |      /     |   __|  |  . `  | |  |     |  |       \_    _/   
.----)   |   |  |____ |  |\  \----.|  |____ |  |\   | |  |     |  |         |  |     
|_______/    |_______|| _| `._____||_______||__| \__| |__|     |__|         |__|    
                                                                                     
 News and tutorials at http://www.serenity-bdd.info                                  
 Documentation at https://wakaleo.gitbooks.io/the-serenity-book/content/             
 Join the Serenity Community on Gitter: https://gitter.im/serenity-bdd/serenity-core 
 Serenity BDD Support and Training at http://serenity-bdd.info/#/trainingandsupport  
-------------------------------------------------------------------------------------


13:31:23.434 [main] DEBUG n.thucydides.core.steps.StepEventBus - Test suite started for story net.thucydides.core.model.Story@a8d2c8f9

13:31:23.434 [main] INFO   - Test Suite Started: QuotableAPI - Automation



12
 Scenarios (
12 passed
)


51
 Steps (
51 passed
)


0m
35.457s






13:31:58.444 [main] DEBUG n.t.core.reports.ReportService - Reporting formats: [JSON, HTML]

13:31:58.572 [main] DEBUG n.t.core.reports.ReportService - Reporting formats: [JSON, HTML]

13:31:58.593 [main] DEBUG n.t.core.reports.ReportService - Generating reports for 5 test outcomes using: net.thucydides.core.reports.json.JSONTestOutcomeReporter@fcd46d

13:31:58.595 [pool-2-thread-1] DEBUG n.t.core.reports.ReportService - Processing test outcome QuotableAPI - Automation:Test quotable api with various pathparam

13:31:58.595 [pool-2-thread-3] DEBUG n.t.core.reports.ReportService - Processing test outcome QuotableAPI - Automation:Test_quotable_api_with_tags_quotes_queryparams

13:31:58.595 [pool-2-thread-1] INFO  n.t.core.reports.ReportService - net.thucydides.core.reports.json.JSONTestOutcomeReporter@fcd46d: Generating report for test outcome: QuotableAPI - Automation:Test quotable api with various pathparam

13:31:58.595 [pool-2-thread-2] DEBUG n.t.core.reports.ReportService - Processing test outcome QuotableAPI - Automation:Test_quotable_api_with_various_single_queryparam

13:31:58.595 [pool-2-thread-4] DEBUG n.t.core.reports.ReportService - Processing test outcome QuotableAPI - Automation:Test_quotable_api_with_tags_pages_queryparams

13:31:58.595 [pool-2-thread-3] INFO  n.t.core.reports.ReportService - net.thucydides.core.reports.json.JSONTestOutcomeReporter@fcd46d: Generating report for test outcome: QuotableAPI - Automation:Test_quotable_api_with_tags_quotes_queryparams

13:31:58.595 [pool-2-thread-4] INFO  n.t.core.reports.ReportService - net.thucydides.core.reports.json.JSONTestOutcomeReporter@fcd46d: Generating report for test outcome: QuotableAPI - Automation:Test_quotable_api_with_tags_pages_queryparams

13:31:58.595 [pool-2-thread-2] INFO  n.t.core.reports.ReportService - net.thucydides.core.reports.json.JSONTestOutcomeReporter@fcd46d: Generating report for test outcome: QuotableAPI - Automation:Test_quotable_api_with_various_single_queryparam

13:31:58.618 [pool-2-thread-4] DEBUG n.t.c.r.json.JSONTestOutcomeReporter - Generating JSON report for Test quotable api with tags pages queryparams to file C:\Users\hp-pc\git\quotable-Api\target\site\serenity\a79052d0294bfa39ff99d5ac551a55a3e5e6493e9c04644a67362ee589bec764.json (using temp file C:\Users\hp-pc\git\quotable-Api\target\site\serenity\a79052d0294bfa39ff99d5ac551a55a3e5e6493e9c04644a67362ee589bec764.jsonacc2128d-2e76-43cd-8a0e-f348881e13d2)

13:31:58.619 [pool-2-thread-3] DEBUG n.t.c.r.json.JSONTestOutcomeReporter - Generating JSON report for Test quotable api with tags quotes queryparams to file C:\Users\hp-pc\git\quotable-Api\target\site\serenity\0a59e90be5f463eb1a332e3b3e3722e1603ff12f8da219b952d8a772399ca5c8.json (using temp file C:\Users\hp-pc\git\quotable-Api\target\site\serenity\0a59e90be5f463eb1a332e3b3e3722e1603ff12f8da219b952d8a772399ca5c8.json45124cda-fa37-400f-a853-09bc6e8a0b18)

13:31:58.619 [pool-2-thread-1] DEBUG n.t.c.r.json.JSONTestOutcomeReporter - Generating JSON report for Test quotable api with various pathparam to file C:\Users\hp-pc\git\quotable-Api\target\site\serenity\ad7970ba73cdf95900f5c2f93d78ef75fcf3a3d946559740b50d051435edec78.json (using temp file C:\Users\hp-pc\git\quotable-Api\target\site\serenity\ad7970ba73cdf95900f5c2f93d78ef75fcf3a3d946559740b50d051435edec78.json65c53f79-b976-4c1e-a55a-d6ffb060004c)

13:31:58.619 [pool-2-thread-2] DEBUG n.t.c.r.json.JSONTestOutcomeReporter - Generating JSON report for Test quotable api with various single queryparam to file C:\Users\hp-pc\git\quotable-Api\target\site\serenity\7d0ed15f92ff135a548294b8e20d075c258ad2357e814c2b1d8afd82e1ef73b4.json (using temp file C:\Users\hp-pc\git\quotable-Api\target\site\serenity\7d0ed15f92ff135a548294b8e20d075c258ad2357e814c2b1d8afd82e1ef73b4.jsone62a8a3c-5c13-4637-b5d7-9248517a5b83)

13:31:58.720 [pool-2-thread-3] DEBUG n.t.core.reports.ReportService - Processing test outcome QuotableAPI - Automation:Test_quotable_api_with_tags_quotes_queryparams done

13:31:58.720 [pool-2-thread-3] DEBUG n.t.core.reports.ReportService - Processing test outcome QuotableAPI - Automation:Test_quotable_api_with_tags_pages_author_queryparams

13:31:58.720 [pool-2-thread-3] INFO  n.t.core.reports.ReportService - net.thucydides.core.reports.json.JSONTestOutcomeReporter@fcd46d: Generating report for test outcome: QuotableAPI - Automation:Test_quotable_api_with_tags_pages_author_queryparams

13:31:58.720 [pool-2-thread-3] DEBUG n.t.c.r.json.JSONTestOutcomeReporter - Generating JSON report for Test quotable api with tags pages author queryparams to file C:\Users\hp-pc\git\quotable-Api\target\site\serenity\4ca93022e048141c563f070b6db9c74b4c00ffc2fc7658a4bf4895be9813d5b4.json (using temp file C:\Users\hp-pc\git\quotable-Api\target\site\serenity\4ca93022e048141c563f070b6db9c74b4c00ffc2fc7658a4bf4895be9813d5b4.json6851b2c3-fa07-45b7-b1ac-5d8bc88913de)

13:31:58.735 [pool-2-thread-4] DEBUG n.t.core.reports.ReportService - Processing test outcome QuotableAPI - Automation:Test_quotable_api_with_tags_pages_queryparams done

13:31:58.735 [pool-2-thread-3] DEBUG n.t.core.reports.ReportService - Processing test outcome QuotableAPI - Automation:Test_quotable_api_with_tags_pages_author_queryparams done

13:31:58.735 [pool-2-thread-2] DEBUG n.t.core.reports.ReportService - Processing test outcome QuotableAPI - Automation:Test_quotable_api_with_various_single_queryparam done

13:31:58.735 [pool-2-thread-1] DEBUG n.t.core.reports.ReportService - Processing test outcome QuotableAPI - Automation:Test quotable api with various pathparam done

13:31:58.735 [main] DEBUG n.t.core.reports.ReportService - Shutting down executor service

13:31:58.735 [main] DEBUG n.t.core.reports.ReportService - Reports generated in: 142 ms

13:31:58.735 [main] DEBUG n.t.core.reports.ReportService - Generating reports for 5 test outcomes using: net.thucydides.core.reports.html.HtmlAcceptanceTestReporter@1c25153

13:31:58.735 [pool-3-thread-1] DEBUG n.t.core.reports.ReportService - Processing test outcome QuotableAPI - Automation:Test quotable api with various pathparam

13:31:58.735 [pool-3-thread-1] INFO  n.t.core.reports.ReportService - net.thucydides.core.reports.html.HtmlAcceptanceTestReporter@1c25153: Generating report for test outcome: QuotableAPI - Automation:Test quotable api with various pathparam

13:31:58.735 [pool-3-thread-2] DEBUG n.t.core.reports.ReportService - Processing test outcome QuotableAPI - Automation:Test_quotable_api_with_various_single_queryparam

13:31:58.735 [pool-3-thread-4] DEBUG n.t.core.reports.ReportService - Processing test outcome QuotableAPI - Automation:Test_quotable_api_with_tags_pages_queryparams

13:31:58.735 [pool-3-thread-2] INFO  n.t.core.reports.ReportService - net.thucydides.core.reports.html.HtmlAcceptanceTestReporter@1c25153: Generating report for test outcome: QuotableAPI - Automation:Test_quotable_api_with_various_single_queryparam

13:31:58.735 [pool-3-thread-4] INFO  n.t.core.reports.ReportService - net.thucydides.core.reports.html.HtmlAcceptanceTestReporter@1c25153: Generating report for test outcome: QuotableAPI - Automation:Test_quotable_api_with_tags_pages_queryparams

13:31:58.735 [pool-3-thread-3] DEBUG n.t.core.reports.ReportService - Processing test outcome QuotableAPI - Automation:Test_quotable_api_with_tags_quotes_queryparams

13:31:58.735 [pool-3-thread-3] INFO  n.t.core.reports.ReportService - net.thucydides.core.reports.html.HtmlAcceptanceTestReporter@1c25153: Generating report for test outcome: QuotableAPI - Automation:Test_quotable_api_with_tags_quotes_queryparams

13:31:58.876 [pool-3-thread-2] DEBUG n.t.c.r.m.cucumber.CucumberParser - Added feature QuotableAPI - Automation

13:31:58.876 [pool-3-thread-3] DEBUG n.t.c.r.m.cucumber.CucumberParser - Added feature QuotableAPI - Automation

13:31:58.876 [pool-3-thread-4] DEBUG n.t.c.r.m.cucumber.CucumberParser - Added feature QuotableAPI - Automation

13:31:58.892 [pool-3-thread-1] DEBUG n.t.c.r.m.cucumber.CucumberParser - Added feature QuotableAPI - Automation

13:31:58.907 [pool-3-thread-3] DEBUG n.t.c.r.BaseRequirementsService - Requirement found for test outcome Test quotable api with tags quotes queryparams-[]: Optional[Requirement{name='QuotableAPI - Automation', type='feature' parent = 'null', cardNumber='null'}]

13:31:58.907 [pool-3-thread-1] DEBUG n.t.c.r.BaseRequirementsService - Requirement found for test outcome Test quotable api with various pathparam-[]: Optional[Requirement{name='QuotableAPI - Automation', type='feature' parent = 'null', cardNumber='null'}]

13:31:58.907 [pool-3-thread-4] DEBUG n.t.c.r.BaseRequirementsService - Requirement found for test outcome Test quotable api with tags pages queryparams-[]: Optional[Requirement{name='QuotableAPI - Automation', type='feature' parent = 'null', cardNumber='null'}]

13:31:58.907 [pool-3-thread-2] DEBUG n.t.c.r.BaseRequirementsService - Requirement found for test outcome Test quotable api with various single queryparam-[]: Optional[Requirement{name='QuotableAPI - Automation', type='feature' parent = 'null', cardNumber='null'}]

13:31:58.907 [pool-3-thread-2] DEBUG n.t.c.r.BaseRequirementsService - Requirement found for test outcome Test quotable api with various single queryparam-[]: Optional[Requirement{name='QuotableAPI - Automation', type='feature' parent = 'null', cardNumber='null'}]

13:31:58.907 [pool-3-thread-4] DEBUG n.t.c.r.BaseRequirementsService - Requirement found for test outcome Test quotable api with tags pages queryparams-[]: Optional[Requirement{name='QuotableAPI - Automation', type='feature' parent = 'null', cardNumber='null'}]

13:31:58.907 [pool-3-thread-3] DEBUG n.t.c.r.BaseRequirementsService - Requirement found for test outcome Test quotable api with tags quotes queryparams-[]: Optional[Requirement{name='QuotableAPI - Automation', type='feature' parent = 'null', cardNumber='null'}]

13:31:58.907 [pool-3-thread-1] DEBUG n.t.c.r.BaseRequirementsService - Requirement found for test outcome Test quotable api with various pathparam-[]: Optional[Requirement{name='QuotableAPI - Automation', type='feature' parent = 'null', cardNumber='null'}]

13:32:00.630 [pool-3-thread-4] DEBUG serenity.reporting - Generating report in a79052d0294bfa39ff99d5ac551a55a3e5e6493e9c04644a67362ee589bec764.html

13:32:00.630 [pool-3-thread-3] DEBUG serenity.reporting - Generating report in 0a59e90be5f463eb1a332e3b3e3722e1603ff12f8da219b952d8a772399ca5c8.html

13:32:00.630 [pool-3-thread-1] DEBUG serenity.reporting - Generating report in ad7970ba73cdf95900f5c2f93d78ef75fcf3a3d946559740b50d051435edec78.html

13:32:00.630 [pool-3-thread-2] DEBUG serenity.reporting - Generating report in 7d0ed15f92ff135a548294b8e20d075c258ad2357e814c2b1d8afd82e1ef73b4.html

13:32:02.164 [pool-3-thread-3] DEBUG serenity.reporting - Generated report 0a59e90be5f463eb1a332e3b3e3722e1603ff12f8da219b952d8a772399ca5c8.html in 1533 ms

13:32:02.164 [pool-3-thread-3] DEBUG n.t.core.reports.ReportService - Processing test outcome QuotableAPI - Automation:Test_quotable_api_with_tags_quotes_queryparams done

13:32:02.164 [pool-3-thread-3] DEBUG n.t.core.reports.ReportService - Processing test outcome QuotableAPI - Automation:Test_quotable_api_with_tags_pages_author_queryparams

13:32:02.164 [pool-3-thread-3] INFO  n.t.core.reports.ReportService - net.thucydides.core.reports.html.HtmlAcceptanceTestReporter@1c25153: Generating report for test outcome: QuotableAPI - Automation:Test_quotable_api_with_tags_pages_author_queryparams

13:32:02.167 [pool-3-thread-3] DEBUG n.t.c.r.BaseRequirementsService - Requirement found for test outcome Test quotable api with tags pages author queryparams-[]: Optional[Requirement{name='QuotableAPI - Automation', type='feature' parent = 'null', cardNumber='null'}]

13:32:02.169 [pool-3-thread-4] DEBUG serenity.reporting - Generated report a79052d0294bfa39ff99d5ac551a55a3e5e6493e9c04644a67362ee589bec764.html in 1539 ms

13:32:02.169 [pool-3-thread-4] DEBUG n.t.core.reports.ReportService - Processing test outcome QuotableAPI - Automation:Test_quotable_api_with_tags_pages_queryparams done

13:32:02.170 [pool-3-thread-3] DEBUG n.t.c.r.BaseRequirementsService - Requirement found for test outcome Test quotable api with tags pages author queryparams-[]: Optional[Requirement{name='QuotableAPI - Automation', type='feature' parent = 'null', cardNumber='null'}]

13:32:02.173 [pool-3-thread-1] DEBUG serenity.reporting - Generated report ad7970ba73cdf95900f5c2f93d78ef75fcf3a3d946559740b50d051435edec78.html in 1543 ms

13:32:02.173 [pool-3-thread-1] DEBUG n.t.core.reports.ReportService - Processing test outcome QuotableAPI - Automation:Test quotable api with various pathparam done

13:32:02.175 [pool-3-thread-3] DEBUG serenity.reporting - Generating report in 4ca93022e048141c563f070b6db9c74b4c00ffc2fc7658a4bf4895be9813d5b4.html

13:32:02.205 [pool-3-thread-3] DEBUG serenity.reporting - Generated report 4ca93022e048141c563f070b6db9c74b4c00ffc2fc7658a4bf4895be9813d5b4.html in 30 ms

13:32:02.205 [pool-3-thread-3] DEBUG n.t.core.reports.ReportService - Processing test outcome QuotableAPI - Automation:Test_quotable_api_with_tags_pages_author_queryparams done

13:32:02.207 [pool-3-thread-2] DEBUG serenity.reporting - Generated report 7d0ed15f92ff135a548294b8e20d075c258ad2357e814c2b1d8afd82e1ef73b4.html in 1577 ms

13:32:02.207 [pool-3-thread-2] DEBUG n.t.core.reports.ReportService - Processing test outcome QuotableAPI - Automation:Test_quotable_api_with_various_single_queryparam done

13:32:02.207 [main] DEBUG n.t.core.reports.ReportService - Shutting down executor service

13:32:02.207 [main] DEBUG n.t.core.reports.ReportService - Reports generated in: 3472 ms

13:32:02.815 [main] INFO  i.c.core.plugin.SerenityReporter - Cleanup test resources for URI file:///C:/Users/hp-pc/git/quotable-Api/src/test/resources/features/quotable_api.feature


@quotableAPI @quotableAPIWithPathParameters
Scenario Outline: Test quotable api with various pathparam # src/test/resources/features/quotable_api.feature:16
13:31:23.777 [pool-2-thread-1] INFO  i.c.core.plugin.SerenityReporter - Running feature from file:///C:/Users/hp-pc/git/quotable-Api/src/test/resources/features/quotable_api.feature
13:31:23.934 [pool-2-thread-1] INFO   - 
  _____   ___   ___   _____     ___   _____     _     ___   _____   ___   ___  
 |_   _| | __| / __| |_   _|   / __| |_   _|   /_\   | _ \ |_   _| | __| |   \ 
   | |   | _|  \__ \   | |     \__ \   | |    / _ \  |   /   | |   | _|  | |) |
   |_|   |___| |___/   |_|     |___/   |_|   /_/ \_\ |_|_\   |_|   |___| |___/ 

Test quotable api with various pathparam(quotableapi---automation;test-quotable-api-with-various-pathparam)
--------------------------------------------------------------------------------
13:31:24.105 [pool-2-thread-1] DEBUG n.t.c.r.m.cucumber.CucumberParser - Added feature QuotableAPI - Automation
  Given the api is composed of "https://api.quotable.io/"  # com.project.quotableapi.quotableapi.stepdef.QuotableStepDef.the_api_is_composed_of(java.lang.String)
  Given A call to quotable api with pathparm "quotes"      # com.project.quotableapi.quotableapi.stepdef.QuotableStepDef.a_call_to_quotable_api_with_pathparm(java.lang.String)
  When response code is "200"                              # com.project.quotableapi.quotableapi.stepdef.QuotableStepDef.response_code_is(java.lang.String)
  Then validate the total count "1885"                     # com.project.quotableapi.quotableapi.stepdef.QuotableStepDef.validate_the_total_count(java.lang.String)
13:31:31.449 [pool-2-thread-1] INFO   - 
  _____   ___   ___   _____     ___     _     ___   ___   ___   ___  
 |_   _| | __| / __| |_   _|   | _ \   /_\   / __| / __| | __| |   \ 
   | |   | _|  \__ \   | |     |  _/  / _ \  \__ \ \__ \ | _|  | |) |
   |_|   |___| |___/   |_|     |_|   /_/ \_\ |___/ |___/ |___| |___/ 

Test quotable api with various pathparam
----------------------------------------------------------------------
]]></system-out>
  </testcase>
  <testcase name="Test quotable api with various pathparam #2" classname="QuotableAPI - Automation" time="1.578">
    <system-out><![CDATA[
@quotableAPI @quotableAPIWithPathParameters
Scenario Outline: Test quotable api with various pathparam # src/test/resources/features/quotable_api.feature:17
13:31:31.449 [pool-2-thread-1] INFO  i.c.core.plugin.SerenityReporter - Running feature from file:///C:/Users/hp-pc/git/quotable-Api/src/test/resources/features/quotable_api.feature
  Given the api is composed of "https://api.quotable.io/"  # com.project.quotableapi.quotableapi.stepdef.QuotableStepDef.the_api_is_composed_of(java.lang.String)
  Given A call to quotable api with pathparm "authors"     # com.project.quotableapi.quotableapi.stepdef.QuotableStepDef.a_call_to_quotable_api_with_pathparm(java.lang.String)
  When response code is "200"                              # com.project.quotableapi.quotableapi.stepdef.QuotableStepDef.response_code_is(java.lang.String)
  Then validate the total count "700"                      # com.project.quotableapi.quotableapi.stepdef.QuotableStepDef.validate_the_total_count(java.lang.String)
13:31:33.027 [pool-2-thread-1] INFO   - 
  _____   ___   ___   _____     ___     _     ___   ___   ___   ___  
 |_   _| | __| / __| |_   _|   | _ \   /_\   / __| / __| | __| |   \ 
   | |   | _|  \__ \   | |     |  _/  / _ \  \__ \ \__ \ | _|  | |) |
   |_|   |___| |___/   |_|     |_|   /_/ \_\ |___/ |___/ |___| |___/ 

Test quotable api with various pathparam
----------------------------------------------------------------------
]]></system-out>
  </testcase>
  <testcase name="Test_quotable_api_with_various_single_queryparam #1" classname="QuotableAPI - Automation" time="3.125">
    <system-out><![CDATA[
@quotableAPI @quotableAPIWithSingleQueryParameter
Scenario Outline: Test_quotable_api_with_various_single_queryparam # src/test/resources/features/quotable_api.feature:29
13:31:33.027 [pool-2-thread-1] INFO  i.c.core.plugin.SerenityReporter - Running feature from file:///C:/Users/hp-pc/git/quotable-Api/src/test/resources/features/quotable_api.feature
13:31:33.042 [pool-2-thread-1] INFO   - 
  _____   ___   ___   _____     ___   _____     _     ___   _____   ___   ___  
 |_   _| | __| / __| |_   _|   / __| |_   _|   /_\   | _ \ |_   _| | __| |   \ 
   | |   | _|  \__ \   | |     \__ \   | |    / _ \  |   /   | |   | _|  | |) |
   |_|   |___| |___/   |_|     |___/   |_|   /_/ \_\ |_|_\   |_|   |___| |___/ 

Test_quotable_api_with_various_single_queryparam(quotableapi---automation;test-quotable-api-with-various-single-queryparam)
--------------------------------------------------------------------------------
  Given the api is composed of "https://api.quotable.io/"          # com.project.quotableapi.quotableapi.stepdef.QuotableStepDef.the_api_is_composed_of(java.lang.String)
  Given A call to quotable api with path as "random"               # com.project.quotableapi.quotableapi.stepdef.QuotableStepDef.a_call_to_quotable_api_with_path_as(java.lang.String)
  Then validate the api with following queryparams                 # com.project.quotableapi.quotableapi.stepdef.QuotableStepDef.validate_the_api_with_following_queryparams(io.cucumber.datatable.DataTable)
  When response code is "200"                                      # com.project.quotableapi.quotableapi.stepdef.QuotableStepDef.response_code_is(java.lang.String)
13:31:36.152 [pool-2-thread-1] INFO   - 
  _____   ___   ___   _____     ___     _     ___   ___   ___   ___  
 |_   _| | __| / __| |_   _|   | _ \   /_\   / __| / __| | __| |   \ 
   | |   | _|  \__ \   | |     |  _/  / _ \  \__ \ \__ \ | _|  | |) |
   |_|   |___| |___/   |_|     |_|   /_/ \_\ |___/ |___/ |___| |___/ 

Test quotable api with various single queryparam
----------------------------------------------------------------------
]]></system-out>
  </testcase>
  <testcase name="Test_quotable_api_with_various_single_queryparam #2" classname="QuotableAPI - Automation" time="2.906">
    <system-out><![CDATA[
@quotableAPI @quotableAPIWithSingleQueryParameter
Scenario Outline: Test_quotable_api_with_various_single_queryparam # src/test/resources/features/quotable_api.feature:30
13:31:36.152 [pool-2-thread-1] INFO  i.c.core.plugin.SerenityReporter - Running feature from file:///C:/Users/hp-pc/git/quotable-Api/src/test/resources/features/quotable_api.feature
  Given the api is composed of "https://api.quotable.io/"          # com.project.quotableapi.quotableapi.stepdef.QuotableStepDef.the_api_is_composed_of(java.lang.String)
  Given A call to quotable api with path as "random"               # com.project.quotableapi.quotableapi.stepdef.QuotableStepDef.a_call_to_quotable_api_with_path_as(java.lang.String)
  Then validate the api with following queryparams                 # com.project.quotableapi.quotableapi.stepdef.QuotableStepDef.validate_the_api_with_following_queryparams(io.cucumber.datatable.DataTable)
  When response code is "200"                                      # com.project.quotableapi.quotableapi.stepdef.QuotableStepDef.response_code_is(java.lang.String)
13:31:39.058 [pool-2-thread-1] INFO   - 
  _____   ___   ___   _____     ___     _     ___   ___   ___   ___  
 |_   _| | __| / __| |_   _|   | _ \   /_\   / __| / __| | __| |   \ 
   | |   | _|  \__ \   | |     |  _/  / _ \  \__ \ \__ \ | _|  | |) |
   |_|   |___| |___/   |_|     |_|   /_/ \_\ |___/ |___/ |___| |___/ 

Test quotable api with various single queryparam
----------------------------------------------------------------------
]]></system-out>
  </testcase>
  <testcase name="Test_quotable_api_with_various_single_queryparam #3" classname="QuotableAPI - Automation" time="2.934">
    <system-out><![CDATA[
@quotableAPI @quotableAPIWithSingleQueryParameter
Scenario Outline: Test_quotable_api_with_various_single_queryparam # src/test/resources/features/quotable_api.feature:31
13:31:39.058 [pool-2-thread-1] INFO  i.c.core.plugin.SerenityReporter - Running feature from file:///C:/Users/hp-pc/git/quotable-Api/src/test/resources/features/quotable_api.feature
  Given the api is composed of "https://api.quotable.io/"          # com.project.quotableapi.quotableapi.stepdef.QuotableStepDef.the_api_is_composed_of(java.lang.String)
  Given A call to quotable api with path as "quotes"               # com.project.quotableapi.quotableapi.stepdef.QuotableStepDef.a_call_to_quotable_api_with_path_as(java.lang.String)
  Then validate the api with following queryparams                 # com.project.quotableapi.quotableapi.stepdef.QuotableStepDef.validate_the_api_with_following_queryparams(io.cucumber.datatable.DataTable)
  When response code is "200"                                      # com.project.quotableapi.quotableapi.stepdef.QuotableStepDef.response_code_is(java.lang.String)
]]></system-out>
  </testcase>
  <testcase name="Test_quotable_api_with_various_single_queryparam #4" classname="QuotableAPI - Automation" time="2.981">
    <system-out><![CDATA[
@quotableAPI @quotableAPIWithSingleQueryParameter
Scenario Outline: Test_quotable_api_with_various_single_queryparam # src/test/resources/features/quotable_api.feature:32
13:31:41.992 [pool-2-thread-1] INFO  i.c.core.plugin.SerenityReporter - Running feature from file:///C:/Users/hp-pc/git/quotable-Api/src/test/resources/features/quotable_api.feature
  Given the api is composed of "https://api.quotable.io/"          # com.project.quotableapi.quotableapi.stepdef.QuotableStepDef.the_api_is_composed_of(java.lang.String)
  Given A call to quotable api with path as "quotes"               # com.project.quotableapi.quotableapi.stepdef.QuotableStepDef.a_call_to_quotable_api_with_path_as(java.lang.String)
  Then validate the api with following queryparams                 # com.project.quotableapi.quotableapi.stepdef.QuotableStepDef.validate_the_api_with_following_queryparams(io.cucumber.datatable.DataTable)
  When response code is "200"                                      # com.project.quotableapi.quotableapi.stepdef.QuotableStepDef.response_code_is(java.lang.String)
]]></system-out>
  </testcase>
  <testcase name="Test_quotable_api_with_various_single_queryparam #5" classname="QuotableAPI - Automation" time="2.897">
    <system-out><![CDATA[
@quotableAPI @quotableAPIWithSingleQueryParameter
Scenario Outline: Test_quotable_api_with_various_single_queryparam # src/test/resources/features/quotable_api.feature:33
13:31:44.973 [pool-2-thread-1] INFO  i.c.core.plugin.SerenityReporter - Running feature from file:///C:/Users/hp-pc/git/quotable-Api/src/test/resources/features/quotable_api.feature
  Given the api is composed of "https://api.quotable.io/"          # com.project.quotableapi.quotableapi.stepdef.QuotableStepDef.the_api_is_composed_of(java.lang.String)
  Given A call to quotable api with path as "authors"              # com.project.quotableapi.quotableapi.stepdef.QuotableStepDef.a_call_to_quotable_api_with_path_as(java.lang.String)
  Then validate the api with following queryparams                 # com.project.quotableapi.quotableapi.stepdef.QuotableStepDef.validate_the_api_with_following_queryparams(io.cucumber.datatable.DataTable)
  When response code is "200"                                      # com.project.quotableapi.quotableapi.stepdef.QuotableStepDef.response_code_is(java.lang.String)
]]></system-out>
  </testcase>
  <testcase name="Test_quotable_api_with_various_single_queryparam #6" classname="QuotableAPI - Automation" time="2.955">
    <system-out><![CDATA[
@quotableAPI @quotableAPIWithSingleQueryParameter
Scenario Outline: Test_quotable_api_with_various_single_queryparam # src/test/resources/features/quotable_api.feature:34
13:31:47.870 [pool-2-thread-1] INFO  i.c.core.plugin.SerenityReporter - Running feature from file:///C:/Users/hp-pc/git/quotable-Api/src/test/resources/features/quotable_api.feature
  Given the api is composed of "https://api.quotable.io/"          # com.project.quotableapi.quotableapi.stepdef.QuotableStepDef.the_api_is_composed_of(java.lang.String)
  Given A call to quotable api with path as "authors"              # com.project.quotableapi.quotableapi.stepdef.QuotableStepDef.a_call_to_quotable_api_with_path_as(java.lang.String)
  Then validate the api with following queryparams                 # com.project.quotableapi.quotableapi.stepdef.QuotableStepDef.validate_the_api_with_following_queryparams(io.cucumber.datatable.DataTable)
  When response code is "200"                                      # com.project.quotableapi.quotableapi.stepdef.QuotableStepDef.response_code_is(java.lang.String)
]]></system-out>
  </testcase>
  <testcase name="Test_quotable_api_with_various_single_queryparam #7" classname="QuotableAPI - Automation" time="2.938">
    <system-out><![CDATA[
@quotableAPI @quotableAPIWithSingleQueryParameter
Scenario Outline: Test_quotable_api_with_various_single_queryparam # src/test/resources/features/quotable_api.feature:35
13:31:50.825 [pool-2-thread-1] INFO  i.c.core.plugin.SerenityReporter - Running feature from file:///C:/Users/hp-pc/git/quotable-Api/src/test/resources/features/quotable_api.feature
  Given the api is composed of "https://api.quotable.io/"          # com.project.quotableapi.quotableapi.stepdef.QuotableStepDef.the_api_is_composed_of(java.lang.String)
  Given A call to quotable api with path as "authors"              # com.project.quotableapi.quotableapi.stepdef.QuotableStepDef.a_call_to_quotable_api_with_path_as(java.lang.String)
  Then validate the api with following queryparams                 # com.project.quotableapi.quotableapi.stepdef.QuotableStepDef.validate_the_api_with_following_queryparams(io.cucumber.datatable.DataTable)
  When response code is "200"                                      # com.project.quotableapi.quotableapi.stepdef.QuotableStepDef.response_code_is(java.lang.String)
]]></system-out>
  </testcase>
  <testcase name="Test_quotable_api_with_tags_quotes_queryparams" classname="QuotableAPI - Automation" time="1.562">
    <system-out><![CDATA[
@quotableAPI @quotableAPIWithTagsAndQuotesParam
Scenario Outline: Test_quotable_api_with_tags_quotes_queryparams # src/test/resources/features/quotable_api.feature:49
13:31:53.763 [pool-2-thread-1] INFO  i.c.core.plugin.SerenityReporter - Running feature from file:///C:/Users/hp-pc/git/quotable-Api/src/test/resources/features/quotable_api.feature
13:31:53.778 [pool-2-thread-1] INFO   - 
  _____   ___   ___   _____     ___   _____     _     ___   _____   ___   ___  
 |_   _| | __| / __| |_   _|   / __| |_   _|   /_\   | _ \ |_   _| | __| |   \ 
   | |   | _|  \__ \   | |     \__ \   | |    / _ \  |   /   | |   | _|  | |) |
   |_|   |___| |___/   |_|     |___/   |_|   /_/ \_\ |_|_\   |_|   |___| |___/ 

Test_quotable_api_with_tags_quotes_queryparams(quotableapi---automation;test-quotable-api-with-tags-quotes-queryparams)
--------------------------------------------------------------------------------
  Given the api is composed of "https://api.quotable.io/"        # com.project.quotableapi.quotableapi.stepdef.QuotableStepDef.the_api_is_composed_of(java.lang.String)
  Given A call to quotable api with path as "quotes"             # com.project.quotableapi.quotableapi.stepdef.QuotableStepDef.a_call_to_quotable_api_with_path_as(java.lang.String)
map size3
  Then validate the api with following multiple queryparams      # com.project.quotableapi.quotableapi.stepdef.QuotableStepDef.validate_the_api_with_following_multiple_queryparams(io.cucumber.datatable.DataTable)
  When response code is "200"                                    # com.project.quotableapi.quotableapi.stepdef.QuotableStepDef.response_code_is(java.lang.String)
  Then validate the total count "40"                             # com.project.quotableapi.quotableapi.stepdef.QuotableStepDef.validate_the_total_count(java.lang.String)
13:31:55.325 [pool-2-thread-1] INFO   - 
  _____   ___   ___   _____     ___     _     ___   ___   ___   ___  
 |_   _| | __| / __| |_   _|   | _ \   /_\   / __| / __| | __| |   \ 
   | |   | _|  \__ \   | |     |  _/  / _ \  \__ \ \__ \ | _|  | |) |
   |_|   |___| |___/   |_|     |_|   /_/ \_\ |___/ |___/ |___| |___/ 

Test quotable api with tags quotes queryparams
----------------------------------------------------------------------
]]></system-out>
  </testcase>
  <testcase name="Test_quotable_api_with_tags_pages_queryparams" classname="QuotableAPI - Automation" time="1.531">
    <system-out><![CDATA[
@quotableAPI @quotableAPIWithTagsAndPagesParam
Scenario Outline: Test_quotable_api_with_tags_pages_queryparams # src/test/resources/features/quotable_api.feature:63
13:31:55.341 [pool-2-thread-1] INFO  i.c.core.plugin.SerenityReporter - Running feature from file:///C:/Users/hp-pc/git/quotable-Api/src/test/resources/features/quotable_api.feature
13:31:55.341 [pool-2-thread-1] INFO   - 
  _____   ___   ___   _____     ___   _____     _     ___   _____   ___   ___  
 |_   _| | __| / __| |_   _|   / __| |_   _|   /_\   | _ \ |_   _| | __| |   \ 
   | |   | _|  \__ \   | |     \__ \   | |    / _ \  |   /   | |   | _|  | |) |
   |_|   |___| |___/   |_|     |___/   |_|   /_/ \_\ |_|_\   |_|   |___| |___/ 

Test_quotable_api_with_tags_pages_queryparams(quotableapi---automation;test-quotable-api-with-tags-pages-queryparams)
--------------------------------------------------------------------------------
  Given the api is composed of "https://api.quotable.io/"       # com.project.quotableapi.quotableapi.stepdef.QuotableStepDef.the_api_is_composed_of(java.lang.String)
  Given A call to quotable api with path as "quotes"            # com.project.quotableapi.quotableapi.stepdef.QuotableStepDef.a_call_to_quotable_api_with_path_as(java.lang.String)
map size3
  Then validate the api with following multiple queryparams     # com.project.quotableapi.quotableapi.stepdef.QuotableStepDef.validate_the_api_with_following_multiple_queryparams(io.cucumber.datatable.DataTable)
  When response code is "200"                                   # com.project.quotableapi.quotableapi.stepdef.QuotableStepDef.response_code_is(java.lang.String)
  Then validate the total count "187"                           # com.project.quotableapi.quotableapi.stepdef.QuotableStepDef.validate_the_total_count(java.lang.String)
13:31:56.856 [pool-2-thread-1] INFO   - 
  _____   ___   ___   _____     ___     _     ___   ___   ___   ___  
 |_   _| | __| / __| |_   _|   | _ \   /_\   / __| / __| | __| |   \ 
   | |   | _|  \__ \   | |     |  _/  / _ \  \__ \ \__ \ | _|  | |) |
   |_|   |___| |___/   |_|     |_|   /_/ \_\ |___/ |___/ |___| |___/ 

Test quotable api with tags pages queryparams
----------------------------------------------------------------------
]]></system-out>
  </testcase>
  <testcase name="Test_quotable_api_with_tags_pages_author_queryparams" classname="QuotableAPI - Automation" time="1.582">
    <system-out><![CDATA[
@quotableAPI @quotableAPIWithTagsPagesAuthorParam
Scenario Outline: Test_quotable_api_with_tags_pages_author_queryparams # src/test/resources/features/quotable_api.feature:78
13:31:56.856 [pool-2-thread-1] INFO  i.c.core.plugin.SerenityReporter - Running feature from file:///C:/Users/hp-pc/git/quotable-Api/src/test/resources/features/quotable_api.feature
13:31:56.872 [pool-2-thread-1] INFO   - 
  _____   ___   ___   _____     ___   _____     _     ___   _____   ___   ___  
 |_   _| | __| / __| |_   _|   / __| |_   _|   /_\   | _ \ |_   _| | __| |   \ 
   | |   | _|  \__ \   | |     \__ \   | |    / _ \  |   /   | |   | _|  | |) |
   |_|   |___| |___/   |_|     |___/   |_|   /_/ \_\ |_|_\   |_|   |___| |___/ 

Test_quotable_api_with_tags_pages_author_queryparams(quotableapi---automation;test-quotable-api-with-tags-pages-author-queryparams)
--------------------------------------------------------------------------------
  Given the api is composed of "https://api.quotable.io/"              # com.project.quotableapi.quotableapi.stepdef.QuotableStepDef.the_api_is_composed_of(java.lang.String)
  Given A call to quotable api with path as "quotes"                   # com.project.quotableapi.quotableapi.stepdef.QuotableStepDef.a_call_to_quotable_api_with_path_as(java.lang.String)
map size4
Request method:	GET
Request URI:	https://api.quotable.io/quotes?tags=friendship&page=1&author=Mencius
Proxy:			<none>
Request params:	<none>
Query params:	tags=friendship
				page=1
				author=Mencius
Form params:	<none>
Path params:	<none>
Headers:		Accept=*/*
Cookies:		<none>
Multiparts:		<none>
Body:			<none>
  Then validate the api with following multiple queryparams            # com.project.quotableapi.quotableapi.stepdef.QuotableStepDef.validate_the_api_with_following_multiple_queryparams(io.cucumber.datatable.DataTable)
  When response code is "200"                                          # com.project.quotableapi.quotableapi.stepdef.QuotableStepDef.response_code_is(java.lang.String)
  Then validate the total count "2"                                    # com.project.quotableapi.quotableapi.stepdef.QuotableStepDef.validate_the_total_count(java.lang.String)
13:31:58.437 [pool-2-thread-1] INFO   - 
  _____   ___   ___   _____     ___     _     ___   ___   ___   ___  
 |_   _| | __| / __| |_   _|   | _ \   /_\   / __| / __| | __| |   \ 
   | |   | _|  \__ \   | |     |  _/  / _ \  \__ \ \__ \ | _|  | |) |
   |_|   |___| |___/   |_|     |_|   /_/ \_\ |___/ |___/ |___| |___/ 

Test quotable api with tags pages author queryparams
----------------------------------------------------------------------
]]></system-out>
  </testcase>
</testsuite>