<?xml version="1.0" encoding="UTF-8"?><testsuite errors="0" failures="0" name="QuotableAPI - Automation" skipped="0" tests="12" time="34.46" timestamp="2021-07-03 01:31:23"><testcase name="Test quotable api with various pathparam"/><testcase name="Test quotable api with various single queryparam"/><testcase name="Test quotable api with tags quotes queryparams"/><testcase name="Test quotable api with tags pages queryparams"/><testcase name="Test quotable api with tags pages author queryparams"/></testsuite>